<?xml version="1.0" encoding="UTF-8"?>
<!-- Generated by org.testng.reporters.JUnitReportReporter -->
<testsuite skipped="0" hostname="pc671" name="HelloTest.test" tests="1" failures="0" timestamp="11 сен 2017 07:12:32 GMT" time="0.007" errors="0">
  <testcase name="getRequest" time="0.007" classname="HelloTest.test"/>
</testsuite> <!-- HelloTest.test -->
